<?xml version="1.0" encoding="UTF-8"?>
<!-- Generated by org.testng.reporters.JUnitXMLReporter -->
<testsuite ignored="0" hostname="DESKTOP-Q9UR9H8" failures="0" tests="3" name="Test" time="82.705" errors="0" timestamp="2022-10-08T20:43:36 IST">
  <testcase classname="com.Zerodha.TestClass.TC01_VerifyLoginFunctionality" name="VerifyLoginZerodhaFunctionality" time="0.063"/>
  <testcase classname="com.Zerodha.TestClass.TC02_VerifyMobileAppCodeFunctionality" name="VerifyMobileAppCodeFunctionality" time="0.082"/>
  <testcase classname="com.Zerodha.TestClass.TC03_VerifyWatchlistHomeFunctionality" name="VerifyWatchlistHomeFunctionality" time="0.009"/>
</testsuite> <!-- Test -->
