<?xml version="1.0" encoding="UTF-8"?>
<testng-results ignored="0" total="3" passed="3" failed="0" skipped="0">
  <reporter-output>
  </reporter-output>
  <suite started-at="2022-10-08T20:42:13 IST" name="Suite" finished-at="2022-10-08T20:43:36 IST" duration-ms="82705">
    <groups>
    </groups>
    <test started-at="2022-10-08T20:42:13 IST" name="Test" finished-at="2022-10-08T20:43:36 IST" duration-ms="82705">
      <class name="com.Zerodha.TestClass.TC03_VerifyWatchlistHomeFunctionality">
        <test-method signature="VerifyWatchlistHomeFunctionality()[pri:0, instance:com.Zerodha.TestClass.TC03_VerifyWatchlistHomeFunctionality@5b03b9fe]" started-at="2022-10-08T20:43:36 IST" name="VerifyWatchlistHomeFunctionality" finished-at="2022-10-08T20:43:36 IST" duration-ms="9" status="PASS">
          <reporter-output>
          </reporter-output>
        </test-method> <!-- VerifyWatchlistHomeFunctionality -->
      </class> <!-- com.Zerodha.TestClass.TC03_VerifyWatchlistHomeFunctionality -->
      <class name="com.Zerodha.TestClass.TC02_VerifyMobileAppCodeFunctionality">
        <test-method is-config="true" signature="setUp()[pri:0, instance:com.Zerodha.TestClass.TC02_VerifyMobileAppCodeFunctionality@57cf54e1]" started-at="2022-10-08T20:42:57 IST" name="setUp" finished-at="2022-10-08T20:43:36 IST" duration-ms="38479" status="PASS">
          <reporter-output>
          </reporter-output>
        </test-method> <!-- setUp -->
        <test-method signature="VerifyMobileAppCodeFunctionality()[pri:0, instance:com.Zerodha.TestClass.TC02_VerifyMobileAppCodeFunctionality@57cf54e1]" started-at="2022-10-08T20:43:36 IST" name="VerifyMobileAppCodeFunctionality" finished-at="2022-10-08T20:43:36 IST" duration-ms="82" status="PASS">
          <reporter-output>
          </reporter-output>
        </test-method> <!-- VerifyMobileAppCodeFunctionality -->
      </class> <!-- com.Zerodha.TestClass.TC02_VerifyMobileAppCodeFunctionality -->
      <class name="com.Zerodha.TestClass.TC01_VerifyLoginFunctionality">
        <test-method is-config="true" signature="setUp()[pri:0, instance:com.Zerodha.TestClass.TC01_VerifyLoginFunctionality@3bf9ce3e]" started-at="2022-10-08T20:42:13 IST" name="setUp" finished-at="2022-10-08T20:42:57 IST" duration-ms="43986" status="PASS">
          <reporter-output>
          </reporter-output>
        </test-method> <!-- setUp -->
        <test-method signature="VerifyLoginZerodhaFunctionality()[pri:0, instance:com.Zerodha.TestClass.TC01_VerifyLoginFunctionality@3bf9ce3e]" started-at="2022-10-08T20:42:57 IST" name="VerifyLoginZerodhaFunctionality" finished-at="2022-10-08T20:42:57 IST" duration-ms="63" status="PASS">
          <reporter-output>
          </reporter-output>
        </test-method> <!-- VerifyLoginZerodhaFunctionality -->
      </class> <!-- com.Zerodha.TestClass.TC01_VerifyLoginFunctionality -->
    </test> <!-- Test -->
  </suite> <!-- Suite -->
</testng-results>
